# JRE version: Java(TM) SE Runtime Environment (8.0_91-b14) (build 1.8.0_91-b14)
# Java VM: Java HotSpot(TM) 64-Bit Server VM (25.91-b14 mixed mode linux-amd64 compressed oops)
Heap:
 PSYoungGen      total 434688K, used 25809K [0x00000000d5580000, 0x00000000f8480000, 0x0000000100000000)
  eden space 335360K, 0% used [0x00000000d5580000,0x00000000d5580000,0x00000000e9d00000)
  from space 99328K, 25% used [0x00000000e9d00000,0x00000000eb6346f0,0x00000000efe00000)
  to   space 98816K, 0% used [0x00000000f2400000,0x00000000f2400000,0x00000000f8480000)
 ParOldGen       total 454656K, used 454635K [0x0000000080000000, 0x000000009bc00000, 0x00000000d5580000)
  object space 454656K, 99% used [0x0000000080000000,0x000000009bbfaf90,0x000000009bc00000)
 Metaspace       used 47753K, capacity 48630K, committed 49024K, reserved 1091584K
  class space    used 6402K, capacity 6675K, committed 6784K, reserved 1048576K
GC Heap History (10 events):
Event: 44.377 GC heap after
Heap after GC invocations=33 (full 5):
 PSYoungGen      total 397824K, used 42520K [0x00000000d5580000, 0x00000000f2800000, 0x0000000100000000)
  eden space 322560K, 0% used [0x00000000d5580000,0x00000000d5580000,0x00000000e9080000)
  from space 75264K, 56% used [0x00000000eda80000,0x00000000f04061c8,0x00000000f2400000)
  to   space 75776K, 0% used [0x00000000e9080000,0x00000000e9080000,0x00000000eda80000)
 ParOldGen       total 312832K, used 293153K [0x0000000080000000, 0x0000000093180000, 0x00000000d5580000)
  object space 312832K, 93% used [0x0000000080000000,0x0000000091e48520,0x0000000093180000)
 Metaspace       used 47746K, capacity 48630K, committed 49024K, reserved 1091584K
  class space    used 6402K, capacity 6675K, committed 6784K, reserved 1048576K
}
Event: 44.377 GC heap before
{Heap before GC invocations=34 (full 6):
 PSYoungGen      total 397824K, used 42520K [0x00000000d5580000, 0x00000000f2800000, 0x0000000100000000)
  eden space 322560K, 0% used [0x00000000d5580000,0x00000000d5580000,0x00000000e9080000)
  from space 75264K, 56% used [0x00000000eda80000,0x00000000f04061c8,0x00000000f2400000)
  to   space 75776K, 0% used [0x00000000e9080000,0x00000000e9080000,0x00000000eda80000)
 ParOldGen       total 312832K, used 293153K [0x0000000080000000, 0x0000000093180000, 0x00000000d5580000)
  object space 312832K, 93% used [0x0000000080000000,0x0000000091e48520,0x0000000093180000)
 Metaspace       used 47746K, capacity 48630K, committed 49024K, reserved 1091584K
  class space    used 6402K, capacity 6675K, committed 6784K, reserved 1048576K
Event: 46.937 GC heap after
Heap after GC invocations=34 (full 6):
 PSYoungGen      total 397824K, used 19752K [0x00000000d5580000, 0x00000000f2800000, 0x0000000100000000)
  eden space 322560K, 0% used [0x00000000d5580000,0x00000000d5580000,0x00000000e9080000)
  from space 75264K, 26% used [0x00000000eda80000,0x00000000eedca0c8,0x00000000f2400000)
  to   space 75776K, 0% used [0x00000000e9080000,0x00000000e9080000,0x00000000eda80000)
 ParOldGen       total 454656K, used 312446K [0x0000000080000000, 0x000000009bc00000, 0x00000000d5580000)
  object space 454656K, 68% used [0x0000000080000000,0x000000009311fb28,0x000000009bc00000)
 Metaspace       used 47746K, capacity 48630K, committed 49024K, reserved 1091584K
  class space    used 6402K, capacity 6675K, committed 6784K, reserved 1048576K
}
Event: 47.950 GC heap before
{Heap before GC invocations=35 (full 6):
 PSYoungGen      total 397824K, used 342312K [0x00000000d5580000, 0x00000000f2800000, 0x0000000100000000)
  eden space 322560K, 100% used [0x00000000d5580000,0x00000000e9080000,0x00000000e9080000)
  from space 75264K, 26% used [0x00000000eda80000,0x00000000eedca0c8,0x00000000f2400000)
  to   space 75776K, 0% used [0x00000000e9080000,0x00000000e9080000,0x00000000eda80000)
 ParOldGen       total 454656K, used 312446K [0x0000000080000000, 0x000000009bc00000, 0x00000000d5580000)
  object space 454656K, 68% used [0x0000000080000000,0x000000009311fb28,0x000000009bc00000)
 Metaspace       used 47748K, capacity 48630K, committed 49024K, reserved 1091584K
  class space    used 6402K, capacity 6675K, committed 6784K, reserved 1048576K
Event: 48.115 GC heap after
Heap after GC invocations=35 (full 6):
 PSYoungGen      total 398336K, used 51564K [0x00000000d5580000, 0x00000000f4b80000, 0x0000000100000000)
  eden space 322560K, 0% used [0x00000000d5580000,0x00000000d5580000,0x00000000e9080000)
  from space 75776K, 68% used [0x00000000e9080000,0x00000000ec2db2f8,0x00000000eda80000)
  to   space 79360K, 0% used [0x00000000efe00000,0x00000000efe00000,0x00000000f4b80000)
 ParOldGen       total 454656K, used 330649K [0x0000000080000000, 0x000000009bc00000, 0x00000000d5580000)
  object space 454656K, 72% used [0x0000000080000000,0x00000000942e6418,0x000000009bc00000)
 Metaspace       used 47748K, capacity 48630K, committed 49024K, reserved 1091584K
  class space    used 6402K, capacity 6675K, committed 6784K, reserved 1048576K
}
Event: 49.411 GC heap before
{Heap before GC invocations=36 (full 6):
 PSYoungGen      total 398336K, used 374124K [0x00000000d5580000, 0x00000000f4b80000, 0x0000000100000000)
  eden space 322560K, 100% used [0x00000000d5580000,0x00000000e9080000,0x00000000e9080000)
  from space 75776K, 68% used [0x00000000e9080000,0x00000000ec2db2f8,0x00000000eda80000)
  to   space 79360K, 0% used [0x00000000efe00000,0x00000000efe00000,0x00000000f4b80000)
 ParOldGen       total 454656K, used 330680K [0x0000000080000000, 0x000000009bc00000, 0x00000000d5580000)
  object space 454656K, 72% used [0x0000000080000000,0x00000000942ee018,0x000000009bc00000)
 Metaspace       used 47753K, capacity 48630K, committed 49024K, reserved 1091584K
  class space    used 6402K, capacity 6675K, committed 6784K, reserved 1048576K
Event: 49.606 GC heap after
Heap after GC invocations=36 (full 6):
 PSYoungGen      total 414720K, used 79335K [0x00000000d5580000, 0x00000000f7380000, 0x0000000100000000)
  eden space 335360K, 0% used [0x00000000d5580000,0x00000000d5580000,0x00000000e9d00000)
  from space 79360K, 99% used [0x00000000efe00000,0x00000000f4b79f78,0x00000000f4b80000)
  to   space 99328K, 0% used [0x00000000e9d00000,0x00000000e9d00000,0x00000000efe00000)
 ParOldGen       total 454656K, used 350461K [0x0000000080000000, 0x000000009bc00000, 0x00000000d5580000)
  object space 454656K, 77% used [0x0000000080000000,0x000000009563f478,0x000000009bc00000)
 Metaspace       used 47753K, capacity 48630K, committed 49024K, reserved 1091584K
  class space    used 6402K, capacity 6675K, committed 6784K, reserved 1048576K
}
Event: 50.547 GC heap before
{Heap before GC invocations=37 (full 6):
 PSYoungGen      total 414720K, used 414695K [0x00000000d5580000, 0x00000000f7380000, 0x0000000100000000)
  eden space 335360K, 100% used [0x00000000d5580000,0x00000000e9d00000,0x00000000e9d00000)
  from space 79360K, 99% used [0x00000000efe00000,0x00000000f4b79f78,0x00000000f4b80000)
  to   space 99328K, 0% used [0x00000000e9d00000,0x00000000e9d00000,0x00000000efe00000)
 ParOldGen       total 454656K, used 350462K [0x0000000080000000, 0x000000009bc00000, 0x00000000d5580000)
  object space 454656K, 77% used [0x0000000080000000,0x000000009563fac0,0x000000009bc00000)
 Metaspace       used 47753K, capacity 48630K, committed 49024K, reserved 1091584K
  class space    used 6402K, capacity 6675K, committed 6784K, reserved 1048576K
Event: 50.773 GC heap after
Heap after GC invocations=37 (full 6):
 PSYoungGen      total 434688K, used 54292K [0x00000000d5580000, 0x00000000f8480000, 0x0000000100000000)
  eden space 335360K, 0% used [0x00000000d5580000,0x00000000d5580000,0x00000000e9d00000)
  from space 99328K, 54% used [0x00000000e9d00000,0x00000000ed205360,0x00000000efe00000)
  to   space 98816K, 0% used [0x00000000f2400000,0x00000000f2400000,0x00000000f8480000)
 ParOldGen       total 454656K, used 430416K [0x0000000080000000, 0x000000009bc00000, 0x00000000d5580000)
  object space 454656K, 94% used [0x0000000080000000,0x000000009a4540f0,0x000000009bc00000)
 Metaspace       used 47753K, capacity 48630K, committed 49024K, reserved 1091584K
  class space    used 6402K, capacity 6675K, committed 6784K, reserved 1048576K
}
Event: 50.773 GC heap before
{Heap before GC invocations=38 (full 7):
 PSYoungGen      total 434688K, used 54292K [0x00000000d5580000, 0x00000000f8480000, 0x0000000100000000)
  eden space 335360K, 0% used [0x00000000d5580000,0x00000000d5580000,0x00000000e9d00000)
  from space 99328K, 54% used [0x00000000e9d00000,0x00000000ed205360,0x00000000efe00000)
  to   space 98816K, 0% used [0x00000000f2400000,0x00000000f2400000,0x00000000f8480000)
 ParOldGen       total 454656K, used 430416K [0x0000000080000000, 0x000000009bc00000, 0x00000000d5580000)
  object space 454656K, 94% used [0x0000000080000000,0x000000009a4540f0,0x000000009bc00000)
 Metaspace       used 47753K, capacity 48630K, committed 49024K, reserved 1091584K
  class space    used 6402K, capacity 6675K, committed 6784K, reserved 1048576K

