# JRE version: Java(TM) SE Runtime Environment (8.0_91-b14) (build 1.8.0_91-b14)
# Java VM: Java HotSpot(TM) 64-Bit Server VM (25.91-b14 mixed mode linux-amd64 compressed oops)
Heap:
 PSYoungGen      total 467968K, used 112621K [0x00000000d5580000, 0x00000000fa280000, 0x0000000100000000)
  eden space 355328K, 0% used [0x00000000d5580000,0x00000000d5580000,0x00000000eb080000)
  from space 112640K, 99% used [0x00000000eb080000,0x00000000f1e7b728,0x00000000f1e80000)
  to   space 93184K, 0% used [0x00000000f1e80000,0x00000000f1e80000,0x00000000f7980000)
 ParOldGen       total 593408K, used 592986K [0x0000000080000000, 0x00000000a4380000, 0x00000000d5580000)
  object space 593408K, 99% used [0x0000000080000000,0x00000000a4316b40,0x00000000a4380000)
 Metaspace       used 47707K, capacity 48630K, committed 49024K, reserved 1091584K
  class space    used 6392K, capacity 6675K, committed 6784K, reserved 1048576K
GC Heap History (10 events):
Event: 104.572 GC heap after
Heap after GC invocations=40 (full 7):
 PSYoungGen      total 403968K, used 51446K [0x00000000d5580000, 0x00000000f4880000, 0x0000000100000000)
  eden space 342016K, 0% used [0x00000000d5580000,0x00000000d5580000,0x00000000ea380000)
  from space 61952K, 83% used [0x00000000ea380000,0x00000000ed5bd968,0x00000000ee000000)
  to   space 68096K, 0% used [0x00000000f0600000,0x00000000f0600000,0x00000000f4880000)
 ParOldGen       total 440832K, used 354743K [0x0000000080000000, 0x000000009ae80000, 0x00000000d5580000)
  object space 440832K, 80% used [0x0000000080000000,0x0000000095a6dec8,0x000000009ae80000)
 Metaspace       used 47694K, capacity 48630K, committed 49024K, reserved 1091584K
  class space    used 6391K, capacity 6675K, committed 6784K, reserved 1048576K
}
Event: 105.365 GC heap before
{Heap before GC invocations=41 (full 7):
 PSYoungGen      total 403968K, used 393462K [0x00000000d5580000, 0x00000000f4880000, 0x0000000100000000)
  eden space 342016K, 100% used [0x00000000d5580000,0x00000000ea380000,0x00000000ea380000)
  from space 61952K, 83% used [0x00000000ea380000,0x00000000ed5bd968,0x00000000ee000000)
  to   space 68096K, 0% used [0x00000000f0600000,0x00000000f0600000,0x00000000f4880000)
 ParOldGen       total 440832K, used 354743K [0x0000000080000000, 0x000000009ae80000, 0x00000000d5580000)
  object space 440832K, 80% used [0x0000000080000000,0x0000000095a6dec8,0x000000009ae80000)
 Metaspace       used 47697K, capacity 48630K, committed 49024K, reserved 1091584K
  class space    used 6391K, capacity 6675K, committed 6784K, reserved 1048576K
Event: 105.497 GC heap after
Heap after GC invocations=41 (full 7):
 PSYoungGen      total 418304K, used 68071K [0x00000000d5580000, 0x00000000f7a00000, 0x0000000100000000)
  eden space 350208K, 0% used [0x00000000d5580000,0x00000000d5580000,0x00000000eab80000)
  from space 68096K, 99% used [0x00000000f0600000,0x00000000f4879d38,0x00000000f4880000)
  to   space 92672K, 0% used [0x00000000eab80000,0x00000000eab80000,0x00000000f0600000)
 ParOldGen       total 440832K, used 391090K [0x0000000080000000, 0x000000009ae80000, 0x00000000d5580000)
  object space 440832K, 88% used [0x0000000080000000,0x0000000097deca60,0x000000009ae80000)
 Metaspace       used 47697K, capacity 48630K, committed 49024K, reserved 1091584K
  class space    used 6391K, capacity 6675K, committed 6784K, reserved 1048576K
}
Event: 105.497 GC heap before
{Heap before GC invocations=42 (full 8):
 PSYoungGen      total 418304K, used 68071K [0x00000000d5580000, 0x00000000f7a00000, 0x0000000100000000)
  eden space 350208K, 0% used [0x00000000d5580000,0x00000000d5580000,0x00000000eab80000)
  from space 68096K, 99% used [0x00000000f0600000,0x00000000f4879d38,0x00000000f4880000)
  to   space 92672K, 0% used [0x00000000eab80000,0x00000000eab80000,0x00000000f0600000)
 ParOldGen       total 440832K, used 391090K [0x0000000080000000, 0x000000009ae80000, 0x00000000d5580000)
  object space 440832K, 88% used [0x0000000080000000,0x0000000097deca60,0x000000009ae80000)
 Metaspace       used 47697K, capacity 48630K, committed 49024K, reserved 1091584K
  class space    used 6391K, capacity 6675K, committed 6784K, reserved 1048576K
Event: 108.108 GC heap after
Heap after GC invocations=42 (full 8):
 PSYoungGen      total 418304K, used 17320K [0x00000000d5580000, 0x00000000f7a00000, 0x0000000100000000)
  eden space 350208K, 0% used [0x00000000d5580000,0x00000000d5580000,0x00000000eab80000)
  from space 68096K, 25% used [0x00000000f0600000,0x00000000f16ea1f0,0x00000000f4880000)
  to   space 92672K, 0% used [0x00000000eab80000,0x00000000eab80000,0x00000000f0600000)
 ParOldGen       total 569856K, used 440724K [0x0000000080000000, 0x00000000a2c80000, 0x00000000d5580000)
  object space 569856K, 77% used [0x0000000080000000,0x000000009ae65250,0x00000000a2c80000)
 Metaspace       used 47697K, capacity 48630K, committed 49024K, reserved 1091584K
  class space    used 6391K, capacity 6675K, committed 6784K, reserved 1048576K
}
Event: 109.245 GC heap before
{Heap before GC invocations=43 (full 8):
 PSYoungGen      total 418304K, used 367528K [0x00000000d5580000, 0x00000000f7a00000, 0x0000000100000000)
  eden space 350208K, 100% used [0x00000000d5580000,0x00000000eab80000,0x00000000eab80000)
  from space 68096K, 25% used [0x00000000f0600000,0x00000000f16ea1f0,0x00000000f4880000)
  to   space 92672K, 0% used [0x00000000eab80000,0x00000000eab80000,0x00000000f0600000)
 ParOldGen       total 569856K, used 440724K [0x0000000080000000, 0x00000000a2c80000, 0x00000000d5580000)
  object space 569856K, 77% used [0x0000000080000000,0x000000009ae65250,0x00000000a2c80000)
 Metaspace       used 47707K, capacity 48630K, committed 49024K, reserved 1091584K
  class space    used 6392K, capacity 6675K, committed 6784K, reserved 1048576K
Event: 109.494 GC heap after
Heap after GC invocations=43 (full 8):
 PSYoungGen      total 442880K, used 52024K [0x00000000d5580000, 0x00000000f7980000, 0x0000000100000000)
  eden space 350208K, 0% used [0x00000000d5580000,0x00000000d5580000,0x00000000eab80000)
  from space 92672K, 56% used [0x00000000eab80000,0x00000000ede4e1c0,0x00000000f0600000)
  to   space 93184K, 0% used [0x00000000f1e80000,0x00000000f1e80000,0x00000000f7980000)
 ParOldGen       total 569856K, used 458199K [0x0000000080000000, 0x00000000a2c80000, 0x00000000d5580000)
  object space 569856K, 80% used [0x0000000080000000,0x000000009bf75d98,0x00000000a2c80000)
 Metaspace       used 47707K, capacity 48630K, committed 49024K, reserved 1091584K
  class space    used 6392K, capacity 6675K, committed 6784K, reserved 1048576K
}
Event: 110.233 GC heap before
{Heap before GC invocations=44 (full 8):
 PSYoungGen      total 442880K, used 402232K [0x00000000d5580000, 0x00000000f7980000, 0x0000000100000000)
  eden space 350208K, 100% used [0x00000000d5580000,0x00000000eab80000,0x00000000eab80000)
  from space 92672K, 56% used [0x00000000eab80000,0x00000000ede4e1c0,0x00000000f0600000)
  to   space 93184K, 0% used [0x00000000f1e80000,0x00000000f1e80000,0x00000000f7980000)
 ParOldGen       total 569856K, used 458199K [0x0000000080000000, 0x00000000a2c80000, 0x00000000d5580000)
  object space 569856K, 80% used [0x0000000080000000,0x000000009bf75d98,0x00000000a2c80000)
 Metaspace       used 47707K, capacity 48630K, committed 49024K, reserved 1091584K
  class space    used 6392K, capacity 6675K, committed 6784K, reserved 1048576K
Event: 110.384 GC heap after
Heap after GC invocations=44 (full 8):
 PSYoungGen      total 448512K, used 93152K [0x00000000d5580000, 0x00000000fa280000, 0x0000000100000000)
  eden space 355328K, 0% used [0x00000000d5580000,0x00000000d5580000,0x00000000eb080000)
  from space 93184K, 99% used [0x00000000f1e80000,0x00000000f7978088,0x00000000f7980000)
  to   space 112640K, 0% used [0x00000000eb080000,0x00000000eb080000,0x00000000f1e80000)
 ParOldGen       total 569856K, used 469462K [0x0000000080000000, 0x00000000a2c80000, 0x00000000d5580000)
  object space 569856K, 82% used [0x0000000080000000,0x000000009ca75aa8,0x00000000a2c80000)
 Metaspace       used 47707K, capacity 48630K, committed 49024K, reserved 1091584K
  class space    used 6392K, capacity 6675K, committed 6784K, reserved 1048576K
}
Event: 111.389 GC heap before
{Heap before GC invocations=45 (full 8):
 PSYoungGen      total 448512K, used 448480K [0x00000000d5580000, 0x00000000fa280000, 0x0000000100000000)
  eden space 355328K, 100% used [0x00000000d5580000,0x00000000eb080000,0x00000000eb080000)
  from space 93184K, 99% used [0x00000000f1e80000,0x00000000f7978088,0x00000000f7980000)
  to   space 112640K, 0% used [0x00000000eb080000,0x00000000eb080000,0x00000000f1e80000)
 ParOldGen       total 569856K, used 469462K [0x0000000080000000, 0x00000000a2c80000, 0x00000000d5580000)
  object space 569856K, 82% used [0x0000000080000000,0x000000009ca75aa8,0x00000000a2c80000)
 Metaspace       used 47707K, capacity 48630K, committed 49024K, reserved 1091584K
  class space    used 6392K, capacity 6675K, committed 6784K, reserved 1048576K

