# JRE version: Java(TM) SE Runtime Environment (8.0_91-b14) (build 1.8.0_91-b14)
# Java VM: Java HotSpot(TM) 64-Bit Server VM (25.91-b14 mixed mode linux-amd64 compressed oops)
Heap:
 PSYoungGen      total 467456K, used 6035K [0x00000000d5580000, 0x0000000100000000, 0x0000000100000000)
  eden space 386560K, 0% used [0x00000000d5580000,0x00000000d5580000,0x00000000ecf00000)
  from space 80896K, 7% used [0x00000000fb100000,0x00000000fb6e4c98,0x0000000100000000)
  to   space 156160K, 0% used [0x00000000ecf00000,0x00000000ecf00000,0x00000000f6780000)
 ParOldGen       total 317440K, used 317424K [0x0000000080000000, 0x0000000093600000, 0x00000000d5580000)
  object space 317440K, 99% used [0x0000000080000000,0x00000000935fc3f0,0x0000000093600000)
 Metaspace       used 56635K, capacity 57742K, committed 57984K, reserved 1099776K
  class space    used 7398K, capacity 7691K, committed 7808K, reserved 1048576K
GC Heap History (10 events):
Event: 59.512 GC heap after
Heap after GC invocations=45 (full 6):
 PSYoungGen      total 557056K, used 51774K [0x00000000d5580000, 0x00000000fff80000, 0x0000000100000000)
  eden space 483328K, 0% used [0x00000000d5580000,0x00000000d5580000,0x00000000f2d80000)
  from space 73728K, 70% used [0x00000000f2d80000,0x00000000f600fa78,0x00000000f7580000)
  to   space 76288K, 0% used [0x00000000fb500000,0x00000000fb500000,0x00000000fff80000)
 ParOldGen       total 336896K, used 282444K [0x0000000080000000, 0x0000000094900000, 0x00000000d5580000)
  object space 336896K, 83% used [0x0000000080000000,0x00000000913d3190,0x0000000094900000)
 Metaspace       used 56627K, capacity 57742K, committed 57984K, reserved 1099776K
  class space    used 7398K, capacity 7691K, committed 7808K, reserved 1048576K
}
Event: 60.661 GC heap before
{Heap before GC invocations=46 (full 6):
 PSYoungGen      total 557056K, used 535102K [0x00000000d5580000, 0x00000000fff80000, 0x0000000100000000)
  eden space 483328K, 100% used [0x00000000d5580000,0x00000000f2d80000,0x00000000f2d80000)
  from space 73728K, 70% used [0x00000000f2d80000,0x00000000f600fa78,0x00000000f7580000)
  to   space 76288K, 0% used [0x00000000fb500000,0x00000000fb500000,0x00000000fff80000)
 ParOldGen       total 336896K, used 282445K [0x0000000080000000, 0x0000000094900000, 0x00000000d5580000)
  object space 336896K, 83% used [0x0000000080000000,0x00000000913d36f8,0x0000000094900000)
 Metaspace       used 56630K, capacity 57742K, committed 57984K, reserved 1099776K
  class space    used 7398K, capacity 7691K, committed 7808K, reserved 1048576K
Event: 60.812 GC heap after
Heap after GC invocations=46 (full 6):
 PSYoungGen      total 618496K, used 52467K [0x00000000d5580000, 0x0000000100000000, 0x0000000100000000)
  eden space 542208K, 0% used [0x00000000d5580000,0x00000000d5580000,0x00000000f6700000)
  from space 76288K, 68% used [0x00000000fb500000,0x00000000fe83cc18,0x00000000fff80000)
  to   space 78336K, 0% used [0x00000000f6700000,0x00000000f6700000,0x00000000fb380000)
 ParOldGen       total 336896K, used 307025K [0x0000000080000000, 0x0000000094900000, 0x00000000d5580000)
  object space 336896K, 91% used [0x0000000080000000,0x0000000092bd4538,0x0000000094900000)
 Metaspace       used 56630K, capacity 57742K, committed 57984K, reserved 1099776K
  class space    used 7398K, capacity 7691K, committed 7808K, reserved 1048576K
}
Event: 60.812 GC heap before
{Heap before GC invocations=47 (full 7):
 PSYoungGen      total 618496K, used 52467K [0x00000000d5580000, 0x0000000100000000, 0x0000000100000000)
  eden space 542208K, 0% used [0x00000000d5580000,0x00000000d5580000,0x00000000f6700000)
  from space 76288K, 68% used [0x00000000fb500000,0x00000000fe83cc18,0x00000000fff80000)
  to   space 78336K, 0% used [0x00000000f6700000,0x00000000f6700000,0x00000000fb380000)
 ParOldGen       total 336896K, used 307025K [0x0000000080000000, 0x0000000094900000, 0x00000000d5580000)
  object space 336896K, 91% used [0x0000000080000000,0x0000000092bd4538,0x0000000094900000)
 Metaspace       used 56630K, capacity 57742K, committed 57984K, reserved 1099776K
  class space    used 7398K, capacity 7691K, committed 7808K, reserved 1048576K
Event: 62.455 GC heap after
Heap after GC invocations=47 (full 7):
 PSYoungGen      total 618496K, used 0K [0x00000000d5580000, 0x0000000100000000, 0x0000000100000000)
  eden space 542208K, 0% used [0x00000000d5580000,0x00000000d5580000,0x00000000f6700000)
  from space 76288K, 0% used [0x00000000fb500000,0x00000000fb500000,0x00000000fff80000)
  to   space 78336K, 0% used [0x00000000f6700000,0x00000000f6700000,0x00000000fb380000)
 ParOldGen       total 311808K, used 159906K [0x0000000080000000, 0x0000000093080000, 0x00000000d5580000)
  object space 311808K, 51% used [0x0000000080000000,0x0000000089c28b38,0x0000000093080000)
 Metaspace       used 56630K, capacity 57742K, committed 57984K, reserved 1099776K
  class space    used 7398K, capacity 7691K, committed 7808K, reserved 1048576K
}
Event: 63.997 GC heap before
{Heap before GC invocations=48 (full 7):
 PSYoungGen      total 618496K, used 542208K [0x00000000d5580000, 0x0000000100000000, 0x0000000100000000)
  eden space 542208K, 100% used [0x00000000d5580000,0x00000000f6700000,0x00000000f6700000)
  from space 76288K, 0% used [0x00000000fb500000,0x00000000fb500000,0x00000000fff80000)
  to   space 78336K, 0% used [0x00000000f6700000,0x00000000f6700000,0x00000000fb380000)
 ParOldGen       total 311808K, used 159906K [0x0000000080000000, 0x0000000093080000, 0x00000000d5580000)
  object space 311808K, 51% used [0x0000000080000000,0x0000000089c28b38,0x0000000093080000)
 Metaspace       used 56635K, capacity 57742K, committed 57984K, reserved 1099776K
  class space    used 7398K, capacity 7691K, committed 7808K, reserved 1048576K
Event: 64.097 GC heap after
Heap after GC invocations=48 (full 7):
 PSYoungGen      total 617984K, used 75671K [0x00000000d5580000, 0x0000000100000000, 0x0000000100000000)
  eden space 542208K, 0% used [0x00000000d5580000,0x00000000d5580000,0x00000000f6700000)
  from space 75776K, 99% used [0x00000000f6700000,0x00000000fb0e5d18,0x00000000fb100000)
  to   space 80896K, 0% used [0x00000000fb100000,0x00000000fb100000,0x0000000100000000)
 ParOldGen       total 311808K, used 159914K [0x0000000080000000, 0x0000000093080000, 0x00000000d5580000)
  object space 311808K, 51% used [0x0000000080000000,0x0000000089c2ab38,0x0000000093080000)
 Metaspace       used 56635K, capacity 57742K, committed 57984K, reserved 1099776K
  class space    used 7398K, capacity 7691K, committed 7808K, reserved 1048576K
}
Event: 65.786 GC heap before
{Heap before GC invocations=49 (full 7):
 PSYoungGen      total 617984K, used 617879K [0x00000000d5580000, 0x0000000100000000, 0x0000000100000000)
  eden space 542208K, 100% used [0x00000000d5580000,0x00000000f6700000,0x00000000f6700000)
  from space 75776K, 99% used [0x00000000f6700000,0x00000000fb0e5d18,0x00000000fb100000)
  to   space 80896K, 0% used [0x00000000fb100000,0x00000000fb100000,0x0000000100000000)
 ParOldGen       total 311808K, used 159914K [0x0000000080000000, 0x0000000093080000, 0x00000000d5580000)
  object space 311808K, 51% used [0x0000000080000000,0x0000000089c2ab38,0x0000000093080000)
 Metaspace       used 56635K, capacity 57742K, committed 57984K, reserved 1099776K
  class space    used 7398K, capacity 7691K, committed 7808K, reserved 1048576K
Event: 65.994 GC heap after
Heap after GC invocations=49 (full 7):
 PSYoungGen      total 467456K, used 80869K [0x00000000d5580000, 0x0000000100000000, 0x0000000100000000)
  eden space 386560K, 0% used [0x00000000d5580000,0x00000000d5580000,0x00000000ecf00000)
  from space 80896K, 99% used [0x00000000fb100000,0x00000000ffff96b0,0x0000000100000000)
  to   space 156160K, 0% used [0x00000000ecf00000,0x00000000ecf00000,0x00000000f6780000)
 ParOldGen       total 317440K, used 316644K [0x0000000080000000, 0x0000000093600000, 0x00000000d5580000)
  object space 317440K, 99% used [0x0000000080000000,0x0000000093539338,0x0000000093600000)
 Metaspace       used 56635K, capacity 57742K, committed 57984K, reserved 1099776K
  class space    used 7398K, capacity 7691K, committed 7808K, reserved 1048576K
}
Event: 65.994 GC heap before
{Heap before GC invocations=50 (full 8):
 PSYoungGen      total 467456K, used 80869K [0x00000000d5580000, 0x0000000100000000, 0x0000000100000000)
  eden space 386560K, 0% used [0x00000000d5580000,0x00000000d5580000,0x00000000ecf00000)
  from space 80896K, 99% used [0x00000000fb100000,0x00000000ffff96b0,0x0000000100000000)
  to   space 156160K, 0% used [0x00000000ecf00000,0x00000000ecf00000,0x00000000f6780000)
 ParOldGen       total 317440K, used 316644K [0x0000000080000000, 0x0000000093600000, 0x00000000d5580000)
  object space 317440K, 99% used [0x0000000080000000,0x0000000093539338,0x0000000093600000)
 Metaspace       used 56635K, capacity 57742K, committed 57984K, reserved 1099776K
  class space    used 7398K, capacity 7691K, committed 7808K, reserved 1048576K

