# JRE version: Java(TM) SE Runtime Environment (8.0_91-b14) (build 1.8.0_91-b14)
# Java VM: Java HotSpot(TM) 64-Bit Server VM (25.91-b14 mixed mode linux-amd64 compressed oops)
Heap:
 PSYoungGen      total 310272K, used 3599K [0x00000000d5580000, 0x00000000ff400000, 0x0000000100000000)
  eden space 232960K, 0% used [0x00000000d5580000,0x00000000d5580000,0x00000000e3900000)
  from space 77312K, 4% used [0x00000000e3900000,0x00000000e3c83d60,0x00000000e8480000)
  to   space 226816K, 0% used [0x00000000f1680000,0x00000000f1680000,0x00000000ff400000)
 ParOldGen       total 651776K, used 651518K [0x0000000080000000, 0x00000000a7c80000, 0x00000000d5580000)
  object space 651776K, 99% used [0x0000000080000000,0x00000000a7c3fb70,0x00000000a7c80000)
 Metaspace       used 63218K, capacity 65074K, committed 65280K, reserved 1105920K
  class space    used 8417K, capacity 8899K, committed 8960K, reserved 1048576K
GC Heap History (10 events):
Event: 791.848 GC heap after
Heap after GC invocations=44 (full 6):
 PSYoungGen      total 465920K, used 176684K [0x00000000d5580000, 0x0000000100000000, 0x0000000100000000)
  eden space 232960K, 0% used [0x00000000d5580000,0x00000000d5580000,0x00000000e3900000)
  from space 232960K, 75% used [0x00000000f1c80000,0x00000000fc90b238,0x0000000100000000)
  to   space 232960K, 0% used [0x00000000e3900000,0x00000000e3900000,0x00000000f1c80000)
 ParOldGen       total 426496K, used 353295K [0x0000000080000000, 0x000000009a080000, 0x00000000d5580000)
  object space 426496K, 82% used [0x0000000080000000,0x0000000095903dc0,0x000000009a080000)
 Metaspace       used 63217K, capacity 65074K, committed 65280K, reserved 1105920K
  class space    used 8417K, capacity 8899K, committed 8960K, reserved 1048576K
}
Event: 792.736 GC heap before
{Heap before GC invocations=45 (full 6):
 PSYoungGen      total 465920K, used 409644K [0x00000000d5580000, 0x0000000100000000, 0x0000000100000000)
  eden space 232960K, 100% used [0x00000000d5580000,0x00000000e3900000,0x00000000e3900000)
  from space 232960K, 75% used [0x00000000f1c80000,0x00000000fc90b238,0x0000000100000000)
  to   space 232960K, 0% used [0x00000000e3900000,0x00000000e3900000,0x00000000f1c80000)
 ParOldGen       total 426496K, used 353295K [0x0000000080000000, 0x000000009a080000, 0x00000000d5580000)
  object space 426496K, 82% used [0x0000000080000000,0x0000000095903dc0,0x000000009a080000)
 Metaspace       used 63217K, capacity 65074K, committed 65280K, reserved 1105920K
  class space    used 8417K, capacity 8899K, committed 8960K, reserved 1048576K
Event: 793.085 GC heap after
Heap after GC invocations=45 (full 6):
 PSYoungGen      total 465920K, used 110557K [0x00000000d5580000, 0x0000000100000000, 0x0000000100000000)
  eden space 232960K, 0% used [0x00000000d5580000,0x00000000d5580000,0x00000000e3900000)
  from space 232960K, 47% used [0x00000000e3900000,0x00000000ea4f74a8,0x00000000f1c80000)
  to   space 232960K, 0% used [0x00000000f1c80000,0x00000000f1c80000,0x0000000100000000)
 ParOldGen       total 444416K, used 443535K [0x0000000080000000, 0x000000009b200000, 0x00000000d5580000)
  object space 444416K, 99% used [0x0000000080000000,0x000000009b123da8,0x000000009b200000)
 Metaspace       used 63217K, capacity 65074K, committed 65280K, reserved 1105920K
  class space    used 8417K, capacity 8899K, committed 8960K, reserved 1048576K
}
Event: 793.085 GC heap before
{Heap before GC invocations=46 (full 7):
 PSYoungGen      total 465920K, used 110557K [0x00000000d5580000, 0x0000000100000000, 0x0000000100000000)
  eden space 232960K, 0% used [0x00000000d5580000,0x00000000d5580000,0x00000000e3900000)
  from space 232960K, 47% used [0x00000000e3900000,0x00000000ea4f74a8,0x00000000f1c80000)
  to   space 232960K, 0% used [0x00000000f1c80000,0x00000000f1c80000,0x0000000100000000)
 ParOldGen       total 444416K, used 443535K [0x0000000080000000, 0x000000009b200000, 0x00000000d5580000)
  object space 444416K, 99% used [0x0000000080000000,0x000000009b123da8,0x000000009b200000)
 Metaspace       used 63217K, capacity 65074K, committed 65280K, reserved 1105920K
  class space    used 8417K, capacity 8899K, committed 8960K, reserved 1048576K
Event: 796.152 GC heap after
Heap after GC invocations=46 (full 7):
 PSYoungGen      total 465920K, used 102938K [0x00000000d5580000, 0x0000000100000000, 0x0000000100000000)
  eden space 232960K, 0% used [0x00000000d5580000,0x00000000d5580000,0x00000000e3900000)
  from space 232960K, 44% used [0x00000000e3900000,0x00000000e9d86a28,0x00000000f1c80000)
  to   space 232960K, 0% used [0x00000000f1c80000,0x00000000f1c80000,0x0000000100000000)
 ParOldGen       total 651776K, used 444022K [0x0000000080000000, 0x00000000a7c80000, 0x00000000d5580000)
  object space 651776K, 68% used [0x0000000080000000,0x000000009b19d858,0x00000000a7c80000)
 Metaspace       used 63217K, capacity 65074K, committed 65280K, reserved 1105920K
  class space    used 8417K, capacity 8899K, committed 8960K, reserved 1048576K
}
Event: 797.025 GC heap before
{Heap before GC invocations=47 (full 7):
 PSYoungGen      total 465920K, used 335898K [0x00000000d5580000, 0x0000000100000000, 0x0000000100000000)
  eden space 232960K, 100% used [0x00000000d5580000,0x00000000e3900000,0x00000000e3900000)
  from space 232960K, 44% used [0x00000000e3900000,0x00000000e9d86a28,0x00000000f1c80000)
  to   space 232960K, 0% used [0x00000000f1c80000,0x00000000f1c80000,0x0000000100000000)
 ParOldGen       total 651776K, used 444022K [0x0000000080000000, 0x00000000a7c80000, 0x00000000d5580000)
  object space 651776K, 68% used [0x0000000080000000,0x000000009b19d858,0x00000000a7c80000)
 Metaspace       used 63217K, capacity 65074K, committed 65280K, reserved 1105920K
  class space    used 8417K, capacity 8899K, committed 8960K, reserved 1048576K
Event: 797.371 GC heap after
Heap after GC invocations=47 (full 7):
 PSYoungGen      total 465920K, used 67361K [0x00000000d5580000, 0x0000000100000000, 0x0000000100000000)
  eden space 232960K, 0% used [0x00000000d5580000,0x00000000d5580000,0x00000000e3900000)
  from space 232960K, 28% used [0x00000000f1c80000,0x00000000f5e484a0,0x0000000100000000)
  to   space 232960K, 0% used [0x00000000e3900000,0x00000000e3900000,0x00000000f1c80000)
 ParOldGen       total 651776K, used 514429K [0x0000000080000000, 0x00000000a7c80000, 0x00000000d5580000)
  object space 651776K, 78% used [0x0000000080000000,0x000000009f65f568,0x00000000a7c80000)
 Metaspace       used 63217K, capacity 65074K, committed 65280K, reserved 1105920K
  class space    used 8417K, capacity 8899K, committed 8960K, reserved 1048576K
}
Event: 798.531 GC heap before
{Heap before GC invocations=48 (full 7):
 PSYoungGen      total 465920K, used 300321K [0x00000000d5580000, 0x0000000100000000, 0x0000000100000000)
  eden space 232960K, 100% used [0x00000000d5580000,0x00000000e3900000,0x00000000e3900000)
  from space 232960K, 28% used [0x00000000f1c80000,0x00000000f5e484a0,0x0000000100000000)
  to   space 232960K, 0% used [0x00000000e3900000,0x00000000e3900000,0x00000000f1c80000)
 ParOldGen       total 651776K, used 514429K [0x0000000080000000, 0x00000000a7c80000, 0x00000000d5580000)
  object space 651776K, 78% used [0x0000000080000000,0x000000009f65f568,0x00000000a7c80000)
 Metaspace       used 63218K, capacity 65074K, committed 65280K, reserved 1105920K
  class space    used 8417K, capacity 8899K, committed 8960K, reserved 1048576K
Event: 798.715 GC heap after
Heap after GC invocations=48 (full 7):
 PSYoungGen      total 310272K, used 76911K [0x00000000d5580000, 0x00000000ff400000, 0x0000000100000000)
  eden space 232960K, 0% used [0x00000000d5580000,0x00000000d5580000,0x00000000e3900000)
  from space 77312K, 99% used [0x00000000e3900000,0x00000000e841bcd8,0x00000000e8480000)
  to   space 226816K, 0% used [0x00000000f1680000,0x00000000f1680000,0x00000000ff400000)
 ParOldGen       total 651776K, used 581137K [0x0000000080000000, 0x00000000a7c80000, 0x00000000d5580000)
  object space 651776K, 89% used [0x0000000080000000,0x00000000a3784740,0x00000000a7c80000)
 Metaspace       used 63218K, capacity 65074K, committed 65280K, reserved 1105920K
  class space    used 8417K, capacity 8899K, committed 8960K, reserved 1048576K
}
Event: 798.715 GC heap before
{Heap before GC invocations=49 (full 8):
 PSYoungGen      total 310272K, used 76911K [0x00000000d5580000, 0x00000000ff400000, 0x0000000100000000)
  eden space 232960K, 0% used [0x00000000d5580000,0x00000000d5580000,0x00000000e3900000)
  from space 77312K, 99% used [0x00000000e3900000,0x00000000e841bcd8,0x00000000e8480000)
  to   space 226816K, 0% used [0x00000000f1680000,0x00000000f1680000,0x00000000ff400000)
 ParOldGen       total 651776K, used 581137K [0x0000000080000000, 0x00000000a7c80000, 0x00000000d5580000)
  object space 651776K, 89% used [0x0000000080000000,0x00000000a3784740,0x00000000a7c80000)
 Metaspace       used 63218K, capacity 65074K, committed 65280K, reserved 1105920K
  class space    used 8417K, capacity 8899K, committed 8960K, reserved 1048576K

