# JRE version: Java(TM) SE Runtime Environment (8.0_91-b14) (build 1.8.0_91-b14)
# Java VM: Java HotSpot(TM) 64-Bit Server VM (25.91-b14 mixed mode linux-amd64 compressed oops)
Heap:
 PSYoungGen      total 181760K, used 63988K [0x00000000eab00000, 0x00000000fa400000, 0x0000000100000000)
  eden space 117760K, 0% used [0x00000000eab00000,0x00000000eab00000,0x00000000f1e00000)
  from space 64000K, 99% used [0x00000000f6580000,0x00000000fa3fd060,0x00000000fa400000)
  to   space 49152K, 0% used [0x00000000f1e00000,0x00000000f1e00000,0x00000000f4e00000)
 ParOldGen       total 194560K, used 164369K [0x00000000c0000000, 0x00000000cbe00000, 0x00000000eab00000)
  object space 194560K, 84% used [0x00000000c0000000,0x00000000ca084510,0x00000000cbe00000)
 Metaspace       used 6134K, capacity 7064K, committed 7424K, reserved 1056768K
  class space    used 610K, capacity 656K, committed 768K, reserved 1048576K
GC Heap History (10 events):
Event: 10.727 GC heap after
Heap after GC invocations=7 (full 0):
 PSYoungGen      total 86528K, used 10216K [0x00000000eab00000, 0x00000000f7e00000, 0x0000000100000000)
  eden space 76288K, 0% used [0x00000000eab00000,0x00000000eab00000,0x00000000ef580000)
  from space 10240K, 99% used [0x00000000ef580000,0x00000000eff7a2a0,0x00000000eff80000)
  to   space 31744K, 0% used [0x00000000f5f00000,0x00000000f5f00000,0x00000000f7e00000)
 ParOldGen       total 54784K, used 53228K [0x00000000c0000000, 0x00000000c3580000, 0x00000000eab00000)
  object space 54784K, 97% used [0x00000000c0000000,0x00000000c33fb1c8,0x00000000c3580000)
 Metaspace       used 6124K, capacity 7064K, committed 7424K, reserved 1056768K
  class space    used 609K, capacity 656K, committed 768K, reserved 1048576K
}
Event: 10.727 GC heap before
{Heap before GC invocations=8 (full 1):
 PSYoungGen      total 86528K, used 10216K [0x00000000eab00000, 0x00000000f7e00000, 0x0000000100000000)
  eden space 76288K, 0% used [0x00000000eab00000,0x00000000eab00000,0x00000000ef580000)
  from space 10240K, 99% used [0x00000000ef580000,0x00000000eff7a2a0,0x00000000eff80000)
  to   space 31744K, 0% used [0x00000000f5f00000,0x00000000f5f00000,0x00000000f7e00000)
 ParOldGen       total 54784K, used 53228K [0x00000000c0000000, 0x00000000c3580000, 0x00000000eab00000)
  object space 54784K, 97% used [0x00000000c0000000,0x00000000c33fb1c8,0x00000000c3580000)
 Metaspace       used 6124K, capacity 7064K, committed 7424K, reserved 1056768K
  class space    used 609K, capacity 656K, committed 768K, reserved 1048576K
Event: 11.616 GC heap after
Heap after GC invocations=8 (full 1):
 PSYoungGen      total 86528K, used 6613K [0x00000000eab00000, 0x00000000f7e00000, 0x0000000100000000)
  eden space 76288K, 0% used [0x00000000eab00000,0x00000000eab00000,0x00000000ef580000)
  from space 10240K, 64% used [0x00000000ef580000,0x00000000efbf57b0,0x00000000eff80000)
  to   space 31744K, 0% used [0x00000000f5f00000,0x00000000f5f00000,0x00000000f7e00000)
 ParOldGen       total 109056K, used 54532K [0x00000000c0000000, 0x00000000c6a80000, 0x00000000eab00000)
  object space 109056K, 50% used [0x00000000c0000000,0x00000000c3541228,0x00000000c6a80000)
 Metaspace       used 6124K, capacity 7064K, committed 7424K, reserved 1056768K
  class space    used 609K, capacity 656K, committed 768K, reserved 1048576K
}
Event: 11.761 GC heap before
{Heap before GC invocations=9 (full 1):
 PSYoungGen      total 86528K, used 82901K [0x00000000eab00000, 0x00000000f7e00000, 0x0000000100000000)
  eden space 76288K, 100% used [0x00000000eab00000,0x00000000ef580000,0x00000000ef580000)
  from space 10240K, 64% used [0x00000000ef580000,0x00000000efbf57b0,0x00000000eff80000)
  to   space 31744K, 0% used [0x00000000f5f00000,0x00000000f5f00000,0x00000000f7e00000)
 ParOldGen       total 109056K, used 54532K [0x00000000c0000000, 0x00000000c6a80000, 0x00000000eab00000)
  object space 109056K, 50% used [0x00000000c0000000,0x00000000c3541228,0x00000000c6a80000)
 Metaspace       used 6126K, capacity 7064K, committed 7424K, reserved 1056768K
  class space    used 609K, capacity 656K, committed 768K, reserved 1048576K
Event: 11.863 GC heap after
Heap after GC invocations=9 (full 1):
 PSYoungGen      total 144896K, used 31734K [0x00000000eab00000, 0x00000000f7e00000, 0x0000000100000000)
  eden space 113152K, 0% used [0x00000000eab00000,0x00000000eab00000,0x00000000f1980000)
  from space 31744K, 99% used [0x00000000f5f00000,0x00000000f7dfdba0,0x00000000f7e00000)
  to   space 49152K, 0% used [0x00000000f1e00000,0x00000000f1e00000,0x00000000f4e00000)
 ParOldGen       total 109056K, used 80532K [0x00000000c0000000, 0x00000000c6a80000, 0x00000000eab00000)
  object space 109056K, 73% used [0x00000000c0000000,0x00000000c4ea5228,0x00000000c6a80000)
 Metaspace       used 6126K, capacity 7064K, committed 7424K, reserved 1056768K
  class space    used 609K, capacity 656K, committed 768K, reserved 1048576K
}
Event: 11.863 GC heap before
{Heap before GC invocations=10 (full 2):
 PSYoungGen      total 144896K, used 31734K [0x00000000eab00000, 0x00000000f7e00000, 0x0000000100000000)
  eden space 113152K, 0% used [0x00000000eab00000,0x00000000eab00000,0x00000000f1980000)
  from space 31744K, 99% used [0x00000000f5f00000,0x00000000f7dfdba0,0x00000000f7e00000)
  to   space 49152K, 0% used [0x00000000f1e00000,0x00000000f1e00000,0x00000000f4e00000)
 ParOldGen       total 109056K, used 80532K [0x00000000c0000000, 0x00000000c6a80000, 0x00000000eab00000)
  object space 109056K, 73% used [0x00000000c0000000,0x00000000c4ea5228,0x00000000c6a80000)
 Metaspace       used 6126K, capacity 7064K, committed 7424K, reserved 1056768K
  class space    used 609K, capacity 656K, committed 768K, reserved 1048576K
Event: 12.287 GC heap after
Heap after GC invocations=10 (full 2):
 PSYoungGen      total 144896K, used 0K [0x00000000eab00000, 0x00000000f7e00000, 0x0000000100000000)
  eden space 113152K, 0% used [0x00000000eab00000,0x00000000eab00000,0x00000000f1980000)
  from space 31744K, 0% used [0x00000000f5f00000,0x00000000f5f00000,0x00000000f7e00000)
  to   space 49152K, 0% used [0x00000000f1e00000,0x00000000f1e00000,0x00000000f4e00000)
 ParOldGen       total 194560K, used 108542K [0x00000000c0000000, 0x00000000cbe00000, 0x00000000eab00000)
  object space 194560K, 55% used [0x00000000c0000000,0x00000000c69ffa90,0x00000000cbe00000)
 Metaspace       used 6126K, capacity 7064K, committed 7424K, reserved 1056768K
  class space    used 609K, capacity 656K, committed 768K, reserved 1048576K
}
Event: 12.415 GC heap before
{Heap before GC invocations=11 (full 2):
 PSYoungGen      total 144896K, used 113152K [0x00000000eab00000, 0x00000000f7e00000, 0x0000000100000000)
  eden space 113152K, 100% used [0x00000000eab00000,0x00000000f1980000,0x00000000f1980000)
  from space 31744K, 0% used [0x00000000f5f00000,0x00000000f5f00000,0x00000000f7e00000)
  to   space 49152K, 0% used [0x00000000f1e00000,0x00000000f1e00000,0x00000000f4e00000)
 ParOldGen       total 194560K, used 108542K [0x00000000c0000000, 0x00000000cbe00000, 0x00000000eab00000)
  object space 194560K, 55% used [0x00000000c0000000,0x00000000c69ffa90,0x00000000cbe00000)
 Metaspace       used 6126K, capacity 7064K, committed 7424K, reserved 1056768K
  class space    used 609K, capacity 656K, committed 768K, reserved 1048576K
Event: 12.502 GC heap after
Heap after GC invocations=11 (full 2):
 PSYoungGen      total 166912K, used 49139K [0x00000000eab00000, 0x00000000fa400000, 0x0000000100000000)
  eden space 117760K, 0% used [0x00000000eab00000,0x00000000eab00000,0x00000000f1e00000)
  from space 49152K, 99% used [0x00000000f1e00000,0x00000000f4dfcde0,0x00000000f4e00000)
  to   space 64000K, 0% used [0x00000000f6580000,0x00000000f6580000,0x00000000fa400000)
 ParOldGen       total 194560K, used 122022K [0x00000000c0000000, 0x00000000cbe00000, 0x00000000eab00000)
  object space 194560K, 62% used [0x00000000c0000000,0x00000000c7729a90,0x00000000cbe00000)
 Metaspace       used 6126K, capacity 7064K, committed 7424K, reserved 1056768K
  class space    used 609K, capacity 656K, committed 768K, reserved 1048576K
}
Event: 12.653 GC heap before
{Heap before GC invocations=12 (full 2):
 PSYoungGen      total 166912K, used 166899K [0x00000000eab00000, 0x00000000fa400000, 0x0000000100000000)
  eden space 117760K, 100% used [0x00000000eab00000,0x00000000f1e00000,0x00000000f1e00000)
  from space 49152K, 99% used [0x00000000f1e00000,0x00000000f4dfcde0,0x00000000f4e00000)
  to   space 64000K, 0% used [0x00000000f6580000,0x00000000f6580000,0x00000000fa400000)
 ParOldGen       total 194560K, used 122022K [0x00000000c0000000, 0x00000000cbe00000, 0x00000000eab00000)
  object space 194560K, 62% used [0x00000000c0000000,0x00000000c7729a90,0x00000000cbe00000)
 Metaspace       used 6134K, capacity 7064K, committed 7424K, reserved 1056768K
  class space    used 610K, capacity 656K, committed 768K, reserved 1048576K

